/home/runner/work/enterprise-session-controller/enterprise-session-controller/output/effective.xml:109:21: error: element "using-cc2022" not allowed here; expected the element end-tag or element "display-audit-with-sfrs"
/home/runner/work/enterprise-session-controller/enterprise-session-controller/output/effective.xml:285:71: error: found attribute "boilerplate", but no attributes allowed here
/home/runner/work/enterprise-session-controller/enterprise-session-controller/output/effective.xml:291:75: error: element "CClaimsInfo" not allowed here; expected the element end-tag, text, element "_", "assignable", "choice", "comment", "ctr", "depends", "endnote", "equation", "figure", "implements", "no-link", "provides", "refinement", "replace", "requires", "rule", "section", "selectables", "snip", "testlist" or "xref" or an element from another namespace
/home/runner/work/enterprise-session-controller/enterprise-session-controller/output/effective.xml:355:61: error: value of attribute "title" is invalid; must be equal to "Conformance Claims"
/home/runner/work/enterprise-session-controller/enterprise-session-controller/output/effective.xml:363:47: error: element "section" not allowed here; expected text, element "CClaimsInfo", "_", "assignable", "choice", "comment", "ctr", "depends", "endnote", "equation", "figure", "implements", "no-link", "provides", "refinement", "replace", "requires", "rule", "selectables", "snip", "testlist" or "xref" or an element from another namespace
/home/runner/work/enterprise-session-controller/enterprise-session-controller/output/effective.xml:421:55: error: element "section" not allowed here; expected text, element "CClaimsInfo", "_", "assignable", "choice", "comment", "ctr", "depends", "endnote", "equation", "figure", "implements", "no-link", "provides", "refinement", "replace", "requires", "rule", "selectables", "snip", "testlist" or "xref" or an element from another namespace
/home/runner/work/enterprise-session-controller/enterprise-session-controller/output/effective.xml:446:69: error: element "section" not allowed here; expected text, element "CClaimsInfo", "_", "assignable", "choice", "comment", "ctr", "depends", "endnote", "equation", "figure", "implements", "no-link", "provides", "refinement", "replace", "requires", "rule", "selectables", "snip", "testlist" or "xref" or an element from another namespace
/home/runner/work/enterprise-session-controller/enterprise-session-controller/output/effective.xml:467:13: error: element "section" incomplete; missing required element "CClaimsInfo"
/home/runner/work/enterprise-session-controller/enterprise-session-controller/output/effective.xml:472:60: error: value of attribute "title" is invalid; must be equal to "Security Problem Definition"
/home/runner/work/enterprise-session-controller/enterprise-session-controller/output/effective.xml:475:81: error: value of attribute "title" is invalid; must be equal to "Threats"
/home/runner/work/enterprise-session-controller/enterprise-session-controller/output/effective.xml:476:12: error: element "SOs" not allowed here; expected text, element "_", "assignable", "choice", "comment", "ctr", "depends", "endnote", "equation", "figure", "implements", "no-link", "provides", "refinement", "replace", "requires", "rule", "selectables", "snip", "testlist", "threats" or "xref" or an element from another namespace
/home/runner/work/enterprise-session-controller/enterprise-session-controller/output/effective.xml:510:15: error: element "section" incomplete; missing required element "threats"
/home/runner/work/enterprise-session-controller/enterprise-session-controller/output/effective.xml:513:96: error: value of attribute "title" is invalid; must be equal to "Assumptions"
/home/runner/work/enterprise-session-controller/enterprise-session-controller/output/effective.xml:514:10: error: element "SOEs" not allowed here; expected text, element "_", "assignable", "assumptions", "choice", "comment", "ctr", "depends", "endnote", "equation", "figure", "implements", "no-link", "provides", "refinement", "replace", "requires", "rule", "selectables", "snip", "testlist" or "xref" or an element from another namespace
/home/runner/work/enterprise-session-controller/enterprise-session-controller/output/effective.xml:532:12: error: element "section" incomplete; missing required element "assumptions"
/home/runner/work/enterprise-session-controller/enterprise-session-controller/output/effective.xml:535:66: error: value of attribute "title" is invalid; must be equal to "Organizational Security Policies"
/home/runner/work/enterprise-session-controller/enterprise-session-controller/output/effective.xml:535:66: error: element "section" incomplete; missing required element "OSPs"
/home/runner/work/enterprise-session-controller/enterprise-session-controller/output/effective.xml:541:56: error: value of attribute "title" is invalid; must be equal to "Security Objectives"
/home/runner/work/enterprise-session-controller/enterprise-session-controller/output/effective.xml:547:69: error: value of attribute "title" is invalid; must be equal to "Security Objectives for the Operational Environment" or "Security Objectives for the TOE"
/home/runner/work/enterprise-session-controller/enterprise-session-controller/output/effective.xml:550:77: error: element "section" not allowed here; expected the element end-tag, text, element "SOEs", "SOs", "_", "assignable", "choice", "comment", "ctr", "depends", "endnote", "equation", "figure", "implements", "no-link", "provides", "refinement", "replace", "requires", "rule", "selectables", "snip", "testlist" or "xref" or an element from another namespace
/home/runner/work/enterprise-session-controller/enterprise-session-controller/output/effective.xml:555:66: error: element "section" not allowed here; expected the element end-tag, text, element "SOEs", "SOs", "_", "assignable", "choice", "comment", "ctr", "depends", "endnote", "equation", "figure", "implements", "no-link", "provides", "refinement", "replace", "requires", "rule", "selectables", "snip", "testlist" or "xref" or an element from another namespace
/home/runner/work/enterprise-session-controller/enterprise-session-controller/output/effective.xml:596:15: error: element "comp-lev" not allowed yet; missing required element "consistency-rationale"
/home/runner/work/enterprise-session-controller/enterprise-session-controller/output/effective.xml:681:33: error: element "f-element" not allowed yet; missing required element "consistency-rationale"
/home/runner/work/enterprise-session-controller/enterprise-session-controller/output/effective.xml:720:64: error: value of attribute "title" is invalid; must be equal to "Security Objectives Rationale"
/home/runner/work/enterprise-session-controller/enterprise-session-controller/output/effective.xml:722:34: error: text not allowed here; expected the element end-tag
/home/runner/work/enterprise-session-controller/enterprise-session-controller/output/effective.xml:722:66: error: element "xref" not allowed here; expected the element end-tag
/home/runner/work/enterprise-session-controller/enterprise-session-controller/output/effective.xml:722:83: error: text not allowed here; expected the element end-tag
/home/runner/work/enterprise-session-controller/enterprise-session-controller/output/effective.xml:723:39: error: text not allowed here; expected the element end-tag
/home/runner/work/enterprise-session-controller/enterprise-session-controller/output/effective.xml:724:27: error: element "xref" not allowed here; expected the element end-tag
/home/runner/work/enterprise-session-controller/enterprise-session-controller/output/effective.xml:724:72: error: text not allowed here; expected the element end-tag
/home/runner/work/enterprise-session-controller/enterprise-session-controller/output/effective.xml:725:10: error: text not allowed here; expected the element end-tag
/home/runner/work/enterprise-session-controller/enterprise-session-controller/output/effective.xml:725:27: error: element "xref" not allowed here; expected the element end-tag
/home/runner/work/enterprise-session-controller/enterprise-session-controller/output/effective.xml:725:89: error: text not allowed here; expected the element end-tag
/home/runner/work/enterprise-session-controller/enterprise-session-controller/output/effective.xml:726:83: error: text not allowed here; expected the element end-tag
/home/runner/work/enterprise-session-controller/enterprise-session-controller/output/effective.xml:727:96: error: text not allowed here; expected the element end-tag
/home/runner/work/enterprise-session-controller/enterprise-session-controller/output/effective.xml:728:28: error: text not allowed here; expected the element end-tag
/home/runner/work/enterprise-session-controller/enterprise-session-controller/output/effective.xml:728:35: error: element "h:br" not allowed here; expected the element end-tag
/home/runner/work/enterprise-session-controller/enterprise-session-controller/output/effective.xml:728:85: error: text not allowed here; expected the element end-tag
/home/runner/work/enterprise-session-controller/enterprise-session-controller/output/effective.xml:729:88: error: text not allowed here; expected the element end-tag
/home/runner/work/enterprise-session-controller/enterprise-session-controller/output/effective.xml:730:44: error: text not allowed here; expected the element end-tag
/home/runner/work/enterprise-session-controller/enterprise-session-controller/output/effective.xml:731:24: error: element "xref" not allowed here; expected the element end-tag
/home/runner/work/enterprise-session-controller/enterprise-session-controller/output/effective.xml:731:53: error: text not allowed here; expected the element end-tag
/home/runner/work/enterprise-session-controller/enterprise-session-controller/output/effective.xml:731:60: error: element "h:br" not allowed here; expected the element end-tag
/home/runner/work/enterprise-session-controller/enterprise-session-controller/output/effective.xml:732:104: error: text not allowed here; expected the element end-tag
/home/runner/work/enterprise-session-controller/enterprise-session-controller/output/effective.xml:732:111: error: element "h:br" not allowed here; expected the element end-tag
/home/runner/work/enterprise-session-controller/enterprise-session-controller/output/effective.xml:733:79: error: text not allowed here; expected the element end-tag
/home/runner/work/enterprise-session-controller/enterprise-session-controller/output/effective.xml:734:80: error: text not allowed here; expected the element end-tag
/home/runner/work/enterprise-session-controller/enterprise-session-controller/output/effective.xml:735:89: error: text not allowed here; expected the element end-tag
/home/runner/work/enterprise-session-controller/enterprise-session-controller/output/effective.xml:736:99: error: text not allowed here; expected the element end-tag
/home/runner/work/enterprise-session-controller/enterprise-session-controller/output/effective.xml:737:24: error: text not allowed here; expected the element end-tag
/home/runner/work/enterprise-session-controller/enterprise-session-controller/output/effective.xml:737:41: error: element "xref" not allowed here; expected the element end-tag
/home/runner/work/enterprise-session-controller/enterprise-session-controller/output/effective.xml:737:92: error: text not allowed here; expected the element end-tag
/home/runner/work/enterprise-session-controller/enterprise-session-controller/output/effective.xml:738:100: error: text not allowed here; expected the element end-tag
/home/runner/work/enterprise-session-controller/enterprise-session-controller/output/effective.xml:739:57: error: text not allowed here; expected the element end-tag
/home/runner/work/enterprise-session-controller/enterprise-session-controller/output/effective.xml:739:74: error: element "xref" not allowed here; expected the element end-tag
/home/runner/work/enterprise-session-controller/enterprise-session-controller/output/effective.xml:739:87: error: text not allowed here; expected the element end-tag
/home/runner/work/enterprise-session-controller/enterprise-session-controller/output/effective.xml:740:74: error: text not allowed here; expected the element end-tag
/home/runner/work/enterprise-session-controller/enterprise-session-controller/output/effective.xml:740:97: error: text not allowed here; expected the element end-tag
/home/runner/work/enterprise-session-controller/enterprise-session-controller/output/effective.xml:741:19: error: text not allowed here; expected the element end-tag
/home/runner/work/enterprise-session-controller/enterprise-session-controller/output/effective.xml:742:59: error: element "section" not allowed here; expected the element end-tag
/home/runner/work/enterprise-session-controller/enterprise-session-controller/output/effective.xml:744:56: error: element "section" not allowed here; expected the element end-tag
/home/runner/work/enterprise-session-controller/enterprise-session-controller/output/effective.xml:749:92: error: element "a-component" not allowed here; expected the element end-tag, text, element "_", "assignable", "audit-table", "choice", "comment", "ctr", "depends", "endnote", "equation", "ext-comp-class", "ext-comp-def", "f-component", "figure", "implements", "no-link", "provides", "refinement", "replace", "requires", "rule", "section", "selectables", "snip", "testlist", "usecases" or "xref" or an element from another namespace
/home/runner/work/enterprise-session-controller/enterprise-session-controller/output/effective.xml:818:67: error: element "section" not allowed here; expected the element end-tag
/home/runner/work/enterprise-session-controller/enterprise-session-controller/output/effective.xml:829:78: error: element "a-component" not allowed here; expected the element end-tag, text, element "_", "assignable", "audit-table", "choice", "comment", "ctr", "depends", "endnote", "equation", "ext-comp-class", "ext-comp-def", "f-component", "figure", "implements", "no-link", "provides", "refinement", "replace", "requires", "rule", "section", "selectables", "snip", "testlist", "usecases" or "xref" or an element from another namespace
/home/runner/work/enterprise-session-controller/enterprise-session-controller/output/effective.xml:911:82: error: element "a-component" not allowed here; expected the element end-tag, text, element "_", "assignable", "audit-table", "choice", "comment", "ctr", "depends", "endnote", "equation", "ext-comp-class", "ext-comp-def", "f-component", "figure", "implements", "no-link", "provides", "refinement", "replace", "requires", "rule", "section", "selectables", "snip", "testlist", "usecases" or "xref" or an element from another namespace
/home/runner/work/enterprise-session-controller/enterprise-session-controller/output/effective.xml:947:63: error: element "section" not allowed here; expected the element end-tag
/home/runner/work/enterprise-session-controller/enterprise-session-controller/output/effective.xml:953:81: error: element "a-component" not allowed here; expected the element end-tag, text, element "_", "assignable", "audit-table", "choice", "comment", "ctr", "depends", "endnote", "equation", "ext-comp-class", "ext-comp-def", "f-component", "figure", "implements", "no-link", "provides", "refinement", "replace", "requires", "rule", "section", "selectables", "snip", "testlist", "usecases" or "xref" or an element from another namespace
/home/runner/work/enterprise-session-controller/enterprise-session-controller/output/effective.xml:987:75: error: element "a-component" not allowed here; expected the element end-tag, text, element "_", "assignable", "audit-table", "choice", "comment", "ctr", "depends", "endnote", "equation", "ext-comp-class", "ext-comp-def", "f-component", "figure", "implements", "no-link", "provides", "refinement", "replace", "requires", "rule", "section", "selectables", "snip", "testlist", "usecases" or "xref" or an element from another namespace
/home/runner/work/enterprise-session-controller/enterprise-session-controller/output/effective.xml:1035:75: error: element "a-component" not allowed here; expected the element end-tag, text, element "_", "assignable", "audit-table", "choice", "comment", "ctr", "depends", "endnote", "equation", "ext-comp-class", "ext-comp-def", "f-component", "figure", "implements", "no-link", "provides", "refinement", "replace", "requires", "rule", "section", "selectables", "snip", "testlist", "usecases" or "xref" or an element from another namespace
/home/runner/work/enterprise-session-controller/enterprise-session-controller/output/effective.xml:1087:50: error: element "section" not allowed here; expected the element end-tag
/home/runner/work/enterprise-session-controller/enterprise-session-controller/output/effective.xml:1093:117: error: element "a-component" not allowed here; expected the element end-tag, text, element "_", "assignable", "audit-table", "choice", "comment", "ctr", "depends", "endnote", "equation", "ext-comp-class", "ext-comp-def", "f-component", "figure", "implements", "no-link", "provides", "refinement", "replace", "requires", "rule", "section", "selectables", "snip", "testlist", "usecases" or "xref" or an element from another namespace
/home/runner/work/enterprise-session-controller/enterprise-session-controller/output/effective.xml:1157:69: error: element "section" not allowed here; expected the element end-tag
/home/runner/work/enterprise-session-controller/enterprise-session-controller/output/effective.xml:1165:80: error: element "a-component" not allowed here; expected the element end-tag, text, element "_", "assignable", "audit-table", "choice", "comment", "ctr", "depends", "endnote", "equation", "ext-comp-class", "ext-comp-def", "f-component", "figure", "implements", "no-link", "provides", "refinement", "replace", "requires", "rule", "section", "selectables", "snip", "testlist", "usecases" or "xref" or an element from another namespace
/home/runner/work/enterprise-session-controller/enterprise-session-controller/output/effective.xml:1431:73: error: element "appendix" not allowed yet; expected element "section" or an element from another namespace
