/home/runner/work/enterprise-session-controller/enterprise-session-controller/input/enterprise-session-controller.xml:124:21: error: element "using-cc2022" not allowed here; expected the element end-tag or element "display-audit-with-sfrs"
/home/runner/work/enterprise-session-controller/enterprise-session-controller/input/enterprise-session-controller.xml:475:15: error: element "section" incomplete; missing required element "assumptions"
/home/runner/work/enterprise-session-controller/enterprise-session-controller/input/enterprise-session-controller.xml:480:154: error: text not allowed here; expected element "OSPs"
/home/runner/work/enterprise-session-controller/enterprise-session-controller/input/enterprise-session-controller.xml:528:7: error: element "h:p" not allowed here; expected the element end-tag
/home/runner/work/enterprise-session-controller/enterprise-session-controller/input/enterprise-session-controller.xml:693:19: error: element "modified-sfrs" not allowed here; expected the element end-tag or element "con-mod"
/home/runner/work/enterprise-session-controller/enterprise-session-controller/input/enterprise-session-controller.xml:694:63: error: element "audit-table" not allowed here; expected the element end-tag, element "section" or an element from another namespace
/home/runner/work/enterprise-session-controller/enterprise-session-controller/input/enterprise-session-controller.xml:700:198: error: text not allowed here; expected element "consistency-rationale", "depends" or "note"
/home/runner/work/enterprise-session-controller/enterprise-session-controller/input/enterprise-session-controller.xml:701:9: error: text not allowed here; expected element "consistency-rationale", "depends" or "note"
/home/runner/work/enterprise-session-controller/enterprise-session-controller/input/enterprise-session-controller.xml:707:14: error: element "aactivity" not allowed here; expected element "consistency-rationale"
/home/runner/work/enterprise-session-controller/enterprise-session-controller/input/enterprise-session-controller.xml:711:18: error: element "f-component" incomplete; missing required element "consistency-rationale"
/home/runner/work/enterprise-session-controller/enterprise-session-controller/input/enterprise-session-controller.xml:712:190: error: text not allowed here; expected element "consistency-rationale", "depends" or "note"
/home/runner/work/enterprise-session-controller/enterprise-session-controller/input/enterprise-session-controller.xml:713:92: error: text not allowed here; expected element "consistency-rationale", "depends" or "note"
/home/runner/work/enterprise-session-controller/enterprise-session-controller/input/enterprise-session-controller.xml:718:13: error: element "aactivity" not allowed here; expected element "consistency-rationale"
/home/runner/work/enterprise-session-controller/enterprise-session-controller/input/enterprise-session-controller.xml:720:39: error: element "f-component" incomplete; missing required element "consistency-rationale"
/home/runner/work/enterprise-session-controller/enterprise-session-controller/input/enterprise-session-controller.xml:724:38: error: element "f-element" not allowed yet; missing required element "consistency-rationale"
/home/runner/work/enterprise-session-controller/enterprise-session-controller/input/enterprise-session-controller.xml:728:20: error: element "selectables" incomplete; missing required element "selectable"
/home/runner/work/enterprise-session-controller/enterprise-session-controller/input/enterprise-session-controller.xml:737:97: error: element "aactivity" incomplete; expected text, element "CustomEA", "Guidance", "KMD", "TSS", "Tests", "_", "assignable", "choice", "comment", "ctr", "depends", "endnote", "equation", "figure", "implements", "no-link", "no-tests", "provides", "refinement", "replace", "requires", "rule", "selectables", "snip", "testlist" or "xref" or an element from another namespace
/home/runner/work/enterprise-session-controller/enterprise-session-controller/input/enterprise-session-controller.xml:741:218: error: text not allowed here; expected element "consistency-rationale", "depends" or "note"
/home/runner/work/enterprise-session-controller/enterprise-session-controller/input/enterprise-session-controller.xml:742:108: error: text not allowed here; expected element "consistency-rationale", "depends" or "note"
/home/runner/work/enterprise-session-controller/enterprise-session-controller/input/enterprise-session-controller.xml:743:32: error: text not allowed here; expected element "consistency-rationale", "depends" or "note"
/home/runner/work/enterprise-session-controller/enterprise-session-controller/input/enterprise-session-controller.xml:744:18: error: element "f-component" incomplete; missing required element "consistency-rationale"
/home/runner/work/enterprise-session-controller/enterprise-session-controller/input/enterprise-session-controller.xml:746:36: error: element "f-element" not allowed yet; missing required element "consistency-rationale"
/home/runner/work/enterprise-session-controller/enterprise-session-controller/input/enterprise-session-controller.xml:755:28: error: element "aactivity" incomplete; expected text, element "CustomEA", "Guidance", "KMD", "TSS", "Tests", "_", "assignable", "choice", "comment", "ctr", "depends", "endnote", "equation", "figure", "implements", "no-link", "no-tests", "provides", "refinement", "replace", "requires", "rule", "selectables", "snip", "testlist" or "xref" or an element from another namespace
/home/runner/work/enterprise-session-controller/enterprise-session-controller/input/enterprise-session-controller.xml:758:37: error: element "f-element" not allowed yet; missing required element "consistency-rationale"
/home/runner/work/enterprise-session-controller/enterprise-session-controller/input/enterprise-session-controller.xml:763:19: error: element "selectables" incomplete; missing required element "selectable"
/home/runner/work/enterprise-session-controller/enterprise-session-controller/input/enterprise-session-controller.xml:764:30: error: element "note" not allowed here; expected the element end-tag, text, element "_", "assignable", "choice", "comment", "ctr", "depends", "endnote", "equation", "figure", "implements", "management-function-set", "no-link", "provides", "refinement", "replace", "requires", "rule", "selectables", "snip", "testlist" or "xref" or an element from another namespace
/home/runner/work/enterprise-session-controller/enterprise-session-controller/input/enterprise-session-controller.xml:769:29: error: element "aactivity" incomplete; expected text, element "CustomEA", "Guidance", "KMD", "TSS", "Tests", "_", "assignable", "choice", "comment", "ctr", "depends", "endnote", "equation", "figure", "implements", "no-link", "no-tests", "provides", "refinement", "replace", "requires", "rule", "selectables", "snip", "testlist" or "xref" or an element from another namespace
/home/runner/work/enterprise-session-controller/enterprise-session-controller/input/enterprise-session-controller.xml:771:198: error: text not allowed here; expected element "consistency-rationale", "depends" or "note"
/home/runner/work/enterprise-session-controller/enterprise-session-controller/input/enterprise-session-controller.xml:772:55: error: text not allowed here; expected element "consistency-rationale", "depends" or "note"
/home/runner/work/enterprise-session-controller/enterprise-session-controller/input/enterprise-session-controller.xml:773:16: error: element "aactivity" not allowed here; expected element "consistency-rationale", "depends" or "note"
/home/runner/work/enterprise-session-controller/enterprise-session-controller/input/enterprise-session-controller.xml:776:19: error: element "f-component" incomplete; missing required element "consistency-rationale"
/home/runner/work/enterprise-session-controller/enterprise-session-controller/input/enterprise-session-controller.xml:780:38: error: element "f-element" not allowed yet; missing required element "consistency-rationale"
/home/runner/work/enterprise-session-controller/enterprise-session-controller/input/enterprise-session-controller.xml:783:109: error: element "selectables" incomplete; missing required element "selectable"
/home/runner/work/enterprise-session-controller/enterprise-session-controller/input/enterprise-session-controller.xml:790:25: error: element "aactivity" incomplete; expected text, element "CustomEA", "Guidance", "KMD", "TSS", "Tests", "_", "assignable", "choice", "comment", "ctr", "depends", "endnote", "equation", "figure", "implements", "no-link", "no-tests", "provides", "refinement", "replace", "requires", "rule", "selectables", "snip", "testlist" or "xref" or an element from another namespace
/home/runner/work/enterprise-session-controller/enterprise-session-controller/input/enterprise-session-controller.xml:793:144: error: text not allowed here; expected element "consistency-rationale", "depends" or "note"
/home/runner/work/enterprise-session-controller/enterprise-session-controller/input/enterprise-session-controller.xml:794:15: error: element "aactivity" not allowed here; expected element "consistency-rationale", "depends" or "note"
/home/runner/work/enterprise-session-controller/enterprise-session-controller/input/enterprise-session-controller.xml:797:18: error: element "f-component" incomplete; missing required element "consistency-rationale"
/home/runner/work/enterprise-session-controller/enterprise-session-controller/input/enterprise-session-controller.xml:801:172: error: text not allowed here; expected element "consistency-rationale", "depends" or "note"
/home/runner/work/enterprise-session-controller/enterprise-session-controller/input/enterprise-session-controller.xml:801:258: error: text not allowed here; expected element "consistency-rationale", "depends" or "note"
/home/runner/work/enterprise-session-controller/enterprise-session-controller/input/enterprise-session-controller.xml:803:18: error: element "f-component" incomplete; missing required element "consistency-rationale"
/home/runner/work/enterprise-session-controller/enterprise-session-controller/input/enterprise-session-controller.xml:805:37: error: element "f-element" not allowed yet; missing required element "consistency-rationale"
/home/runner/work/enterprise-session-controller/enterprise-session-controller/input/enterprise-session-controller.xml:839:98: error: text not allowed here; expected element "consistency-rationale", "depends" or "note"
/home/runner/work/enterprise-session-controller/enterprise-session-controller/input/enterprise-session-controller.xml:840:88: error: text not allowed here; expected element "consistency-rationale", "depends" or "note"
/home/runner/work/enterprise-session-controller/enterprise-session-controller/input/enterprise-session-controller.xml:841:18: error: element "f-component" incomplete; missing required element "consistency-rationale"
/home/runner/work/enterprise-session-controller/enterprise-session-controller/input/enterprise-session-controller.xml:845:35: error: element "f-element" not allowed yet; missing required element "consistency-rationale"
/home/runner/work/enterprise-session-controller/enterprise-session-controller/input/enterprise-session-controller.xml:908:20: error: element "title" not allowed here; expected the element end-tag, text, element "_", "assignable", "choice", "comment", "ctr", "depends", "endnote", "equation", "figure", "implements", "no-link", "provides", "refinement", "replace", "requires", "rule", "selectables", "snip", "testlist" or "xref" or an element from another namespace
/home/runner/work/enterprise-session-controller/enterprise-session-controller/input/enterprise-session-controller.xml:1045:10: error: element "title" not allowed here; expected the element end-tag or element "audit", "audit-event", "comp-lev", "consistency-rationale", "dependencies", "depends", "description", "exportable", "f-element", "importable", "management" or "note"
/home/runner/work/enterprise-session-controller/enterprise-session-controller/input/enterprise-session-controller.xml:1051:14: error: element "aactivity" not allowed here; expected the element end-tag or element "audit", "audit-event", "comp-lev", "consistency-rationale", "dependencies", "description", "f-element" or "management"
/home/runner/work/enterprise-session-controller/enterprise-session-controller/input/enterprise-session-controller.xml:1064:76: error: element "aactivity" incomplete; expected text, element "CustomEA", "Guidance", "KMD", "TSS", "Tests", "_", "assignable", "choice", "comment", "ctr", "depends", "endnote", "equation", "figure", "implements", "no-link", "no-tests", "provides", "refinement", "replace", "requires", "rule", "selectables", "snip", "testlist" or "xref" or an element from another namespace
/home/runner/work/enterprise-session-controller/enterprise-session-controller/input/enterprise-session-controller.xml:1165:110: error: text not allowed here; expected element "title"
/home/runner/work/enterprise-session-controller/enterprise-session-controller/input/enterprise-session-controller.xml:1166:23: error: text not allowed here; expected element "title"
/home/runner/work/enterprise-session-controller/enterprise-session-controller/input/enterprise-session-controller.xml:1166:36: error: element "selectables" not allowed here; expected element "title"
/home/runner/work/enterprise-session-controller/enterprise-session-controller/input/enterprise-session-controller.xml:1167:48: error: text not allowed here; expected element "title"
/home/runner/work/enterprise-session-controller/enterprise-session-controller/input/enterprise-session-controller.xml:1167:66: error: text not allowed here; expected element "title"
/home/runner/work/enterprise-session-controller/enterprise-session-controller/input/enterprise-session-controller.xml:1167:78: error: element "assignable" not allowed here; expected element "title"
/home/runner/work/enterprise-session-controller/enterprise-session-controller/input/enterprise-session-controller.xml:1168:71: error: text not allowed here; expected element "title"
/home/runner/work/enterprise-session-controller/enterprise-session-controller/input/enterprise-session-controller.xml:1169:27: error: element "note" not allowed yet; missing required element "title"
/home/runner/work/enterprise-session-controller/enterprise-session-controller/input/enterprise-session-controller.xml:1246:36: error: value of attribute "id" is invalid; must be a string matching the regular expression "[a-zA-Z][\-0-9a-zA-Z_]+"
/home/runner/work/enterprise-session-controller/enterprise-session-controller/input/enterprise-session-controller.xml:1273:11: error: element "comment" not allowed here; expected the element end-tag or element "audit-event" or "f-element"
/home/runner/work/enterprise-session-controller/enterprise-session-controller/input/enterprise-session-controller.xml:1435:122: error: value of attribute "cc-id" is invalid; must be a string matching the regular expression "f[a-z]{2}_[a-z0-9^]{2,10}(_ext)?\.[0-9]"
/home/runner/work/enterprise-session-controller/enterprise-session-controller/input/enterprise-session-controller.xml:1480:12: error: element "obj-sfrs" not allowed yet; missing required element "sel-sfrs"
/home/runner/work/enterprise-session-controller/enterprise-session-controller/input/enterprise-session-controller.xml:1504:30: error: value of attribute "role" is invalid; must be equal to "Application", "Developer", "application" or "developer"
/home/runner/work/enterprise-session-controller/enterprise-session-controller/input/enterprise-session-controller.xml:1568:12: error: element "sel-sfrs" not allowed here; expected the element end-tag
